Using pre-set license
Built from '2021.1/release' branch; Version is '2021.1.10f1 (b15f561b2cef) revision 11624278'; Using compiler version '192528614'; Build Type 'Release'
OS: 'Windows 10 Home; OS build 19042.1165; Version 2009; 64bit' Language: 'en' Physical Memory: 8110 MB
BatchMode: 1, IsHumanControllingUs: 0, StartBugReporterOnCrash: 0, Is64bit: 1, IsPro: 0

 COMMAND LINE ARGUMENTS:
C:\Program Files\Unity\Hub\Editor\2021.1.10f1\Editor\Unity.exe
-adb2
-batchMode
-noUpm
-name
AssetImportWorker3
-projectPath
F:/My Creations/GameJams/ON THE OTHER HAND INDIE HORROR GAMEJAM 2021/On-The-Other-Hand
-logFile
Logs/AssetImportWorker3.log
-srvPort
58971
Successfully changed project path to: F:/My Creations/GameJams/ON THE OTHER HAND INDIE HORROR GAMEJAM 2021/On-The-Other-Hand
F:/My Creations/GameJams/ON THE OTHER HAND INDIE HORROR GAMEJAM 2021/On-The-Other-Hand
Using Asset Import Pipeline V2.
Refreshing native plugins compatible for Editor in 206.73 ms, found 3 plugins.
Preloading 0 native plugins for Editor in 0.00 ms.
Initialize engine version: 2021.1.10f1 (b15f561b2cef)
[Subsystems] Discovering subsystems at path C:/Program Files/Unity/Hub/Editor/2021.1.10f1/Editor/Data/Resources/UnitySubsystems
[Subsystems] Discovering subsystems at path F:/My Creations/GameJams/ON THE OTHER HAND INDIE HORROR GAMEJAM 2021/On-The-Other-Hand/Assets
GfxDevice: creating device client; threaded=0; jobified=0
Direct3D:
    Version:  Direct3D 11.0 [level 11.0]
    Renderer: NVIDIA GeForce GTX 950M (ID=0x139a)
    Vendor:   NVIDIA
    VRAM:     4055 MB
    Driver:   27.21.14.6589
Initialize mono
Mono path[0] = 'C:/Program Files/Unity/Hub/Editor/2021.1.10f1/Editor/Data/Managed'
Mono path[1] = 'C:/Program Files/Unity/Hub/Editor/2021.1.10f1/Editor/Data/MonoBleedingEdge/lib/mono/unityjit'
Mono config path = 'C:/Program Files/Unity/Hub/Editor/2021.1.10f1/Editor/Data/MonoBleedingEdge/etc'
Using monoOptions --debugger-agent=transport=dt_socket,embedding=1,server=y,suspend=n,address=127.0.0.1:56956
Begin MonoManager ReloadAssembly
Registering precompiled unity dll's ...
Register platform support module: C:/Program Files/Unity/Hub/Editor/2021.1.10f1/Editor/Data/PlaybackEngines/WebGLSupport/UnityEditor.WebGL.Extensions.dll
Register platform support module: C:/Program Files/Unity/Hub/Editor/2021.1.10f1/Editor/Data/PlaybackEngines/WindowsStandaloneSupport/UnityEditor.WindowsStandalone.Extensions.dll
Registered in 0.003434 seconds.
Native extension for WindowsStandalone target not found
Native extension for WebGL target not found
Refreshing native plugins compatible for Editor in 119.66 ms, found 3 plugins.
Preloading 0 native plugins for Editor in 0.00 ms.
Mono: successfully reloaded assembly
- Completed reload, in  1.884 seconds
Domain Reload Profiling:
	ReloadAssembly (1885ms)
		BeginReloadAssembly (92ms)
			ExecutionOrderSort (0ms)
			DisableScriptedObjects (0ms)
			BackupInstance (0ms)
			ReleaseScriptingObjects (0ms)
			CreateAndSetChildDomain (1ms)
		EndReloadAssembly (632ms)
			LoadAssemblies (89ms)
			RebuildTransferFunctionScriptingTraits (0ms)
			SetupTypeCache (237ms)
			ReleaseScriptCaches (0ms)
			RebuildScriptCaches (39ms)
			SetupLoadedEditorAssemblies (294ms)
				LogAssemblyErrors (0ms)
				InitializePlatformSupportModulesInManaged (8ms)
				SetLoadedEditorAssemblies (0ms)
				RefreshPlugins (120ms)
				BeforeProcessingInitializeOnLoad (2ms)
				ProcessInitializeOnLoadAttributes (124ms)
				ProcessInitializeOnLoadMethodAttributes (40ms)
				AfterProcessingInitializeOnLoad (0ms)
				EditorAssembliesLoaded (0ms)
			ExecutionOrderSort2 (0ms)
			AwakeInstancesAfterBackupRestoration (0ms)
Platform modules already initialized, skipping
Registering precompiled user dll's ...
Registered in 0.015666 seconds.
Begin MonoManager ReloadAssembly
Symbol file LoadedFromMemory doesn't match image F:\My Creations\GameJams\ON THE OTHER HAND INDIE HORROR GAMEJAM 2021\On-The-Other-Hand\Library\PackageCache\com.unity.visualscripting@1.6.1\Editor\VisualScripting.Core\Dependencies\YamlDotNet\Unity.VisualScripting.YamlDotNet.dll
Symbol file LoadedFromMemory doesn't match image F:\My Creations\GameJams\ON THE OTHER HAND INDIE HORROR GAMEJAM 2021\On-The-Other-Hand\Library\PackageCache\com.unity.visualscripting@1.6.1\Editor\VisualScripting.Core\Dependencies\DotNetZip\Unity.VisualScripting.IonicZip.dll
Native extension for WindowsStandalone target not found
Native extension for WebGL target not found
Refreshing native plugins compatible for Editor in 117.61 ms, found 3 plugins.
Preloading 0 native plugins for Editor in 0.00 ms.
Mono: successfully reloaded assembly
- Completed reload, in  9.459 seconds
Domain Reload Profiling:
	ReloadAssembly (9459ms)
		BeginReloadAssembly (226ms)
			ExecutionOrderSort (0ms)
			DisableScriptedObjects (5ms)
			BackupInstance (0ms)
			ReleaseScriptingObjects (0ms)
			CreateAndSetChildDomain (30ms)
		EndReloadAssembly (9121ms)
			LoadAssemblies (5229ms)
			RebuildTransferFunctionScriptingTraits (0ms)
			SetupTypeCache (1563ms)
			ReleaseScriptCaches (1ms)
			RebuildScriptCaches (74ms)
			SetupLoadedEditorAssemblies (2095ms)
				LogAssemblyErrors (0ms)
				InitializePlatformSupportModulesInManaged (6ms)
				SetLoadedEditorAssemblies (0ms)
				RefreshPlugins (118ms)
				BeforeProcessingInitializeOnLoad (133ms)
				ProcessInitializeOnLoadAttributes (1823ms)
				ProcessInitializeOnLoadMethodAttributes (7ms)
				AfterProcessingInitializeOnLoad (8ms)
				EditorAssembliesLoaded (0ms)
			ExecutionOrderSort2 (0ms)
			AwakeInstancesAfterBackupRestoration (8ms)
Platform modules already initialized, skipping
========================================================================
Worker process is ready to serve import requests
Launched and connected shader compiler UnityShaderCompiler.exe after 0.07 seconds
Refreshing native plugins compatible for Editor in 1.15 ms, found 3 plugins.
Preloading 0 native plugins for Editor in 0.00 ms.
Unloading 3836 Unused Serialized files (Serialized files now loaded: 0)
System memory in use before: 146.2 MB.
System memory in use after: 146.3 MB.

Unloading 137 unused Assets to reduce memory usage. Loaded Objects now: 4269.
Total: 5.167200 ms (FindLiveObjects: 0.399100 ms CreateObjectMapping: 0.265300 ms MarkObjects: 4.153000 ms  DeleteObjects: 0.348300 ms)

AssetImportParameters requested are different than current active one (requested -> active):
  custom:framework-win-MediaFoundation: 216162199b28c13a410421893ffa2e32 -> 
  custom:video-decoder-ogg-theora: a1e56fd34408186e4bbccfd4996cb3dc -> 
  custom:container-muxer-webm: aa71ff27fc2769a1b78a27578f13a17b -> 
  custom:container-demuxer-webm: 4f35f7cbe854078d1ac9338744f61a02 -> 
  custom:container-demuxer-ogg: 62fdf1f143b41e24485cea50d1cbac27 -> 
  custom:video-encoder-webm-vp8: eb34c28f22e8b96e1ab97ce403110664 -> 
  custom:video-decoder-webm-vp8: 9c59270c3fd7afecdb556c50c9e8de78 -> 
  custom:audio-decoder-ogg-vorbis: bf7c407c2cedff20999df2af8eb42d56 -> 
  custom:audio-encoder-webm-vorbis: bf7c407c2cedff20999df2af8eb42d56 -> 
========================================================================
Received Import Request.
  path: Assets/Scripts/Dissection/CodeMonkey/DragDrop.cs
  artifactKey: Guid(9229ce9b0ba890c4e85c603274763394) Importer(815301076,1909f56bfc062723c751e8b465ee728b)
Start importing Assets/Scripts/Dissection/CodeMonkey/DragDrop.cs using Guid(9229ce9b0ba890c4e85c603274763394) Importer(815301076,1909f56bfc062723c751e8b465ee728b)  -> (artifact id: '3d75b47aeca6689e2cdfaeb9bace1d4b') in 0.075003 seconds 
========================================================================
Received Prepare
Registering precompiled user dll's ...
Registered in 0.492678 seconds.
Begin MonoManager ReloadAssembly
Symbol file LoadedFromMemory doesn't match image F:\My Creations\GameJams\ON THE OTHER HAND INDIE HORROR GAMEJAM 2021\On-The-Other-Hand\Library\PackageCache\com.unity.visualscripting@1.6.1\Editor\VisualScripting.Core\Dependencies\YamlDotNet\Unity.VisualScripting.YamlDotNet.dll
Symbol file LoadedFromMemory doesn't match image F:\My Creations\GameJams\ON THE OTHER HAND INDIE HORROR GAMEJAM 2021\On-The-Other-Hand\Library\PackageCache\com.unity.visualscripting@1.6.1\Editor\VisualScripting.Core\Dependencies\DotNetZip\Unity.VisualScripting.IonicZip.dll
Native extension for WindowsStandalone target not found
Native extension for WebGL target not found
Refreshing native plugins compatible for Editor in 1.25 ms, found 3 plugins.
Preloading 0 native plugins for Editor in 0.00 ms.
Warning: Annotation not found!
UnityEngine.StackTraceUtility:ExtractStackTrace ()
UnityEditor.ProBuilder.EditorUtility:SetGizmoIconEnabled (System.Type,bool) (at Library/PackageCache/com.unity.probuilder@5.0.3/Editor/EditorCore/EditorUtility.cs:575)
UnityEditor.ProBuilder.HierarchyListener:.cctor () (at Library/PackageCache/com.unity.probuilder@5.0.3/Editor/EditorCore/HierarchyListener.cs:21)
System.Runtime.CompilerServices.RuntimeHelpers:RunClassConstructor (System.RuntimeTypeHandle)
UnityEditor.EditorAssemblies:ProcessInitializeOnLoadAttributes (System.Type[])

[Library/PackageCache/com.unity.probuilder@5.0.3/Editor/EditorCore/EditorUtility.cs line 575]

Mono: successfully reloaded assembly
- Completed reload, in  8.408 seconds
Domain Reload Profiling:
	ReloadAssembly (8451ms)
		BeginReloadAssembly (5264ms)
			ExecutionOrderSort (0ms)
			DisableScriptedObjects (238ms)
			BackupInstance (0ms)
			ReleaseScriptingObjects (0ms)
			CreateAndSetChildDomain (2136ms)
		EndReloadAssembly (2970ms)
			LoadAssemblies (469ms)
			RebuildTransferFunctionScriptingTraits (0ms)
			SetupTypeCache (977ms)
			ReleaseScriptCaches (3ms)
			RebuildScriptCaches (89ms)
			SetupLoadedEditorAssemblies (1080ms)
				LogAssemblyErrors (0ms)
				InitializePlatformSupportModulesInManaged (12ms)
				SetLoadedEditorAssemblies (1ms)
				RefreshPlugins (1ms)
				BeforeProcessingInitializeOnLoad (143ms)
				ProcessInitializeOnLoadAttributes (901ms)
				ProcessInitializeOnLoadMethodAttributes (7ms)
				AfterProcessingInitializeOnLoad (14ms)
				EditorAssembliesLoaded (0ms)
			ExecutionOrderSort2 (0ms)
			AwakeInstancesAfterBackupRestoration (16ms)
Platform modules already initialized, skipping
Refreshing native plugins compatible for Editor in 1.80 ms, found 3 plugins.
Preloading 0 native plugins for Editor in 0.00 ms.
Unloading 3776 Unused Serialized files (Serialized files now loaded: 0)
System memory in use before: 142.3 MB.
System memory in use after: 142.4 MB.

Unloading 20 unused Assets to reduce memory usage. Loaded Objects now: 4272.
Total: 15.967400 ms (FindLiveObjects: 1.722700 ms CreateObjectMapping: 0.451900 ms MarkObjects: 13.214500 ms  DeleteObjects: 0.569900 ms)

AssetImportParameters requested are different than current active one (requested -> active):
  custom:framework-win-MediaFoundation: 216162199b28c13a410421893ffa2e32 -> 
  custom:video-decoder-ogg-theora: a1e56fd34408186e4bbccfd4996cb3dc -> 
  custom:container-muxer-webm: aa71ff27fc2769a1b78a27578f13a17b -> 
  custom:container-demuxer-webm: 4f35f7cbe854078d1ac9338744f61a02 -> 
  custom:container-demuxer-ogg: 62fdf1f143b41e24485cea50d1cbac27 -> 
  custom:video-encoder-webm-vp8: eb34c28f22e8b96e1ab97ce403110664 -> 
  custom:video-decoder-webm-vp8: 9c59270c3fd7afecdb556c50c9e8de78 -> 
  custom:audio-decoder-ogg-vorbis: bf7c407c2cedff20999df2af8eb42d56 -> 
  custom:audio-encoder-webm-vorbis: bf7c407c2cedff20999df2af8eb42d56 -> 
========================================================================
Received Prepare
Registering precompiled user dll's ...
Registered in 0.021764 seconds.
Begin MonoManager ReloadAssembly
Symbol file LoadedFromMemory doesn't match image F:\My Creations\GameJams\ON THE OTHER HAND INDIE HORROR GAMEJAM 2021\On-The-Other-Hand\Library\PackageCache\com.unity.visualscripting@1.6.1\Editor\VisualScripting.Core\Dependencies\YamlDotNet\Unity.VisualScripting.YamlDotNet.dll
Symbol file LoadedFromMemory doesn't match image F:\My Creations\GameJams\ON THE OTHER HAND INDIE HORROR GAMEJAM 2021\On-The-Other-Hand\Library\PackageCache\com.unity.visualscripting@1.6.1\Editor\VisualScripting.Core\Dependencies\DotNetZip\Unity.VisualScripting.IonicZip.dll
Native extension for WindowsStandalone target not found
Native extension for WebGL target not found
Refreshing native plugins compatible for Editor in 1.20 ms, found 3 plugins.
Preloading 0 native plugins for Editor in 0.00 ms.
Warning: Annotation not found!
UnityEngine.StackTraceUtility:ExtractStackTrace ()
UnityEditor.ProBuilder.EditorUtility:SetGizmoIconEnabled (System.Type,bool) (at Library/PackageCache/com.unity.probuilder@5.0.3/Editor/EditorCore/EditorUtility.cs:575)
UnityEditor.ProBuilder.HierarchyListener:.cctor () (at Library/PackageCache/com.unity.probuilder@5.0.3/Editor/EditorCore/HierarchyListener.cs:21)
System.Runtime.CompilerServices.RuntimeHelpers:RunClassConstructor (System.RuntimeTypeHandle)
UnityEditor.EditorAssemblies:ProcessInitializeOnLoadAttributes (System.Type[])

[Library/PackageCache/com.unity.probuilder@5.0.3/Editor/EditorCore/EditorUtility.cs line 575]

Mono: successfully reloaded assembly
- Completed reload, in  2.234 seconds
Domain Reload Profiling:
	ReloadAssembly (2236ms)
		BeginReloadAssembly (475ms)
			ExecutionOrderSort (0ms)
			DisableScriptedObjects (18ms)
			BackupInstance (0ms)
			ReleaseScriptingObjects (0ms)
			CreateAndSetChildDomain (224ms)
		EndReloadAssembly (1616ms)
			LoadAssemblies (233ms)
			RebuildTransferFunctionScriptingTraits (0ms)
			SetupTypeCache (625ms)
			ReleaseScriptCaches (2ms)
			RebuildScriptCaches (74ms)
			SetupLoadedEditorAssemblies (552ms)
				LogAssemblyErrors (0ms)
				InitializePlatformSupportModulesInManaged (10ms)
				SetLoadedEditorAssemblies (3ms)
				RefreshPlugins (1ms)
				BeforeProcessingInitializeOnLoad (118ms)
				ProcessInitializeOnLoadAttributes (406ms)
				ProcessInitializeOnLoadMethodAttributes (5ms)
				AfterProcessingInitializeOnLoad (9ms)
				EditorAssembliesLoaded (0ms)
			ExecutionOrderSort2 (0ms)
			AwakeInstancesAfterBackupRestoration (9ms)
Platform modules already initialized, skipping
Refreshing native plugins compatible for Editor in 0.93 ms, found 3 plugins.
Preloading 0 native plugins for Editor in 0.00 ms.
Unloading 3776 Unused Serialized files (Serialized files now loaded: 0)
System memory in use before: 142.4 MB.
System memory in use after: 142.5 MB.

Unloading 20 unused Assets to reduce memory usage. Loaded Objects now: 4275.
Total: 4.585500 ms (FindLiveObjects: 0.570800 ms CreateObjectMapping: 0.362900 ms MarkObjects: 3.482900 ms  DeleteObjects: 0.166600 ms)

AssetImportParameters requested are different than current active one (requested -> active):
  custom:framework-win-MediaFoundation: 216162199b28c13a410421893ffa2e32 -> 
  custom:video-decoder-ogg-theora: a1e56fd34408186e4bbccfd4996cb3dc -> 
  custom:container-muxer-webm: aa71ff27fc2769a1b78a27578f13a17b -> 
  custom:container-demuxer-webm: 4f35f7cbe854078d1ac9338744f61a02 -> 
  custom:container-demuxer-ogg: 62fdf1f143b41e24485cea50d1cbac27 -> 
  custom:video-encoder-webm-vp8: eb34c28f22e8b96e1ab97ce403110664 -> 
  custom:video-decoder-webm-vp8: 9c59270c3fd7afecdb556c50c9e8de78 -> 
  custom:audio-decoder-ogg-vorbis: bf7c407c2cedff20999df2af8eb42d56 -> 
  custom:audio-encoder-webm-vorbis: bf7c407c2cedff20999df2af8eb42d56 -> 
========================================================================
Received Import Request.
  Time since last request: 251945.730891 seconds.
  path: Assets/Sprites/Thumbprint.png
  artifactKey: Guid(a37e3400213d5f84ab17f5f8771ffe1e) Importer(815301076,1909f56bfc062723c751e8b465ee728b)
Start importing Assets/Sprites/Thumbprint.png using Guid(a37e3400213d5f84ab17f5f8771ffe1e) Importer(815301076,1909f56bfc062723c751e8b465ee728b)  -> (artifact id: 'f951205f8a1f70c766547a592e742bdf') in 5.153688 seconds 
========================================================================
Received Prepare
Registering precompiled user dll's ...
Registered in 0.447871 seconds.
Begin MonoManager ReloadAssembly
Symbol file LoadedFromMemory doesn't match image F:\My Creations\GameJams\ON THE OTHER HAND INDIE HORROR GAMEJAM 2021\On-The-Other-Hand\Library\PackageCache\com.unity.visualscripting@1.6.1\Editor\VisualScripting.Core\Dependencies\YamlDotNet\Unity.VisualScripting.YamlDotNet.dll
Symbol file LoadedFromMemory doesn't match image F:\My Creations\GameJams\ON THE OTHER HAND INDIE HORROR GAMEJAM 2021\On-The-Other-Hand\Library\PackageCache\com.unity.visualscripting@1.6.1\Editor\VisualScripting.Core\Dependencies\DotNetZip\Unity.VisualScripting.IonicZip.dll
Native extension for WindowsStandalone target not found
Native extension for WebGL target not found
Refreshing native plugins compatible for Editor in 10.85 ms, found 3 plugins.
Preloading 0 native plugins for Editor in 0.00 ms.
Warning: Annotation not found!
UnityEngine.StackTraceUtility:ExtractStackTrace ()
UnityEditor.ProBuilder.EditorUtility:SetGizmoIconEnabled (System.Type,bool) (at Library/PackageCache/com.unity.probuilder@5.0.3/Editor/EditorCore/EditorUtility.cs:575)
UnityEditor.ProBuilder.HierarchyListener:.cctor () (at Library/PackageCache/com.unity.probuilder@5.0.3/Editor/EditorCore/HierarchyListener.cs:21)
System.Runtime.CompilerServices.RuntimeHelpers:RunClassConstructor (System.RuntimeTypeHandle)
UnityEditor.EditorAssemblies:ProcessInitializeOnLoadAttributes (System.Type[])

[Library/PackageCache/com.unity.probuilder@5.0.3/Editor/EditorCore/EditorUtility.cs line 575]

Mono: successfully reloaded assembly
- Completed reload, in 28.936 seconds
Domain Reload Profiling:
	ReloadAssembly (29034ms)
		BeginReloadAssembly (24932ms)
			ExecutionOrderSort (0ms)
			DisableScriptedObjects (1721ms)
			BackupInstance (0ms)
			ReleaseScriptingObjects (48ms)
			CreateAndSetChildDomain (8337ms)
		EndReloadAssembly (3883ms)
			LoadAssemblies (868ms)
			RebuildTransferFunctionScriptingTraits (0ms)
			SetupTypeCache (1000ms)
			ReleaseScriptCaches (36ms)
			RebuildScriptCaches (72ms)
			SetupLoadedEditorAssemblies (993ms)
				LogAssemblyErrors (0ms)
				InitializePlatformSupportModulesInManaged (8ms)
				SetLoadedEditorAssemblies (1ms)
				RefreshPlugins (11ms)
				BeforeProcessingInitializeOnLoad (165ms)
				ProcessInitializeOnLoadAttributes (782ms)
				ProcessInitializeOnLoadMethodAttributes (13ms)
				AfterProcessingInitializeOnLoad (12ms)
				EditorAssembliesLoaded (1ms)
			ExecutionOrderSort2 (0ms)
			AwakeInstancesAfterBackupRestoration (25ms)
Platform modules already initialized, skipping
Refreshing native plugins compatible for Editor in 1.04 ms, found 3 plugins.
Preloading 0 native plugins for Editor in 0.00 ms.
Unloading 3776 Unused Serialized files (Serialized files now loaded: 0)
System memory in use before: 142.4 MB.
System memory in use after: 142.5 MB.

Unloading 20 unused Assets to reduce memory usage. Loaded Objects now: 4278.
Total: 11.932300 ms (FindLiveObjects: 0.742100 ms CreateObjectMapping: 0.452800 ms MarkObjects: 10.154400 ms  DeleteObjects: 0.580200 ms)

AssetImportParameters requested are different than current active one (requested -> active):
  custom:framework-win-MediaFoundation: 216162199b28c13a410421893ffa2e32 -> 
  custom:video-decoder-ogg-theora: a1e56fd34408186e4bbccfd4996cb3dc -> 
  custom:container-muxer-webm: aa71ff27fc2769a1b78a27578f13a17b -> 
  custom:container-demuxer-webm: 4f35f7cbe854078d1ac9338744f61a02 -> 
  custom:container-demuxer-ogg: 62fdf1f143b41e24485cea50d1cbac27 -> 
  custom:video-encoder-webm-vp8: eb34c28f22e8b96e1ab97ce403110664 -> 
  custom:video-decoder-webm-vp8: 9c59270c3fd7afecdb556c50c9e8de78 -> 
  custom:audio-decoder-ogg-vorbis: bf7c407c2cedff20999df2af8eb42d56 -> 
  custom:audio-encoder-webm-vorbis: bf7c407c2cedff20999df2af8eb42d56 -> 
========================================================================
Received Import Request.
  Time since last request: 6568.346675 seconds.
  path: Assets/Sprites/Fingerprint4.png
  artifactKey: Guid(a0f94514ce1a98d4ab18646a75601cbb) Importer(815301076,1909f56bfc062723c751e8b465ee728b)
Start importing Assets/Sprites/Fingerprint4.png using Guid(a0f94514ce1a98d4ab18646a75601cbb) Importer(815301076,1909f56bfc062723c751e8b465ee728b)  -> (artifact id: '5e54058f03a015a04c5b5275ac169dbd') in 1.082031 seconds 
========================================================================
Received Import Request.
  Time since last request: 0.000402 seconds.
  path: Assets/Sprites/Fingerprint5.png
  artifactKey: Guid(1b3026db5305f6c42bb0c4f11eccd1e0) Importer(815301076,1909f56bfc062723c751e8b465ee728b)
Start importing Assets/Sprites/Fingerprint5.png using Guid(1b3026db5305f6c42bb0c4f11eccd1e0) Importer(815301076,1909f56bfc062723c751e8b465ee728b)  -> (artifact id: 'a8a1282c48d59d636fcadaaba13a7d61') in 0.120934 seconds 
========================================================================
Received Import Request.
  Time since last request: 6.773919 seconds.
  path: Assets/Sprites/Fingerprint4.png
  artifactKey: Guid(a0f94514ce1a98d4ab18646a75601cbb) Importer(815301076,1909f56bfc062723c751e8b465ee728b)
Start importing Assets/Sprites/Fingerprint4.png using Guid(a0f94514ce1a98d4ab18646a75601cbb) Importer(815301076,1909f56bfc062723c751e8b465ee728b)  -> (artifact id: '05aa629248ec16f368f2109996c65775') in 0.230527 seconds 
========================================================================
Received Import Request.
  Time since last request: 3.984120 seconds.
  path: Assets/Sprites/Fingerprint5.png
  artifactKey: Guid(1b3026db5305f6c42bb0c4f11eccd1e0) Importer(815301076,1909f56bfc062723c751e8b465ee728b)
Start importing Assets/Sprites/Fingerprint5.png using Guid(1b3026db5305f6c42bb0c4f11eccd1e0) Importer(815301076,1909f56bfc062723c751e8b465ee728b)  -> (artifact id: 'e9461af5c2f12f3ff5f410732c93a5fd') in 0.078972 seconds 
========================================================================
Received Import Request.
  Time since last request: 11.319512 seconds.
  path: Assets/Sprites/Fingerprint4.png
  artifactKey: Guid(a0f94514ce1a98d4ab18646a75601cbb) Importer(815301076,1909f56bfc062723c751e8b465ee728b)
Start importing Assets/Sprites/Fingerprint4.png using Guid(a0f94514ce1a98d4ab18646a75601cbb) Importer(815301076,1909f56bfc062723c751e8b465ee728b)  -> (artifact id: '08facc94973dc581c1210f8e99204ebb') in 0.079649 seconds 
========================================================================
Received Import Request.
  Time since last request: 72.961483 seconds.
  path: Assets/Sprites/Fingerprint4.png
  artifactKey: Guid(a0f94514ce1a98d4ab18646a75601cbb) Importer(815301076,1909f56bfc062723c751e8b465ee728b)
Start importing Assets/Sprites/Fingerprint4.png using Guid(a0f94514ce1a98d4ab18646a75601cbb) Importer(815301076,1909f56bfc062723c751e8b465ee728b)  -> (artifact id: '8acee53e3fc5e4f3871e4050bcc8ad07') in 0.077361 seconds 
========================================================================
Received Import Request.
  Time since last request: 266.367657 seconds.
  path: Assets/Sprites/Fingerprint4.png
  artifactKey: Guid(a0f94514ce1a98d4ab18646a75601cbb) Importer(815301076,1909f56bfc062723c751e8b465ee728b)
Start importing Assets/Sprites/Fingerprint4.png using Guid(a0f94514ce1a98d4ab18646a75601cbb) Importer(815301076,1909f56bfc062723c751e8b465ee728b)  -> (artifact id: '032a8f41a5b47bd507990774c91d1f9f') in 0.065563 seconds 
========================================================================
Received Import Request.
  Time since last request: 6.444744 seconds.
  path: Assets/Sprites/Fingerprint4.png
  artifactKey: Guid(a0f94514ce1a98d4ab18646a75601cbb) Importer(815301076,1909f56bfc062723c751e8b465ee728b)
Start importing Assets/Sprites/Fingerprint4.png using Guid(a0f94514ce1a98d4ab18646a75601cbb) Importer(815301076,1909f56bfc062723c751e8b465ee728b)  -> (artifact id: '59a21db081c368b681c3df4d7123f286') in 0.038732 seconds 
========================================================================
Received Import Request.
  Time since last request: 34.498766 seconds.
  path: Assets/Sprites/Fingerprints
  artifactKey: Guid(f6d3b75c90809e24cbc6584082746772) Importer(815301076,1909f56bfc062723c751e8b465ee728b)
Start importing Assets/Sprites/Fingerprints using Guid(f6d3b75c90809e24cbc6584082746772) Importer(815301076,1909f56bfc062723c751e8b465ee728b)  -> (artifact id: '9f9cc8d8faba5a57ebd1fb49b3109af8') in 0.016699 seconds 
========================================================================
Received Import Request.
  Time since last request: 14.426899 seconds.
  path: Assets/Sprites/Fingerprints/Materials
  artifactKey: Guid(cde53b120eb9def468f369df18f3bfe7) Importer(815301076,1909f56bfc062723c751e8b465ee728b)
Start importing Assets/Sprites/Fingerprints/Materials using Guid(cde53b120eb9def468f369df18f3bfe7) Importer(815301076,1909f56bfc062723c751e8b465ee728b)  -> (artifact id: 'efbed860b3c7c016446346594bc3abfb') in 0.033167 seconds 
========================================================================
Received Import Request.
  Time since last request: 0.050459 seconds.
  path: Assets/Sprites/Fingerprints/Materials/Fingerprint5.mat
  artifactKey: Guid(8dd6b3e0b171d0f4288f275625f815c5) Importer(815301076,1909f56bfc062723c751e8b465ee728b)
Start importing Assets/Sprites/Fingerprints/Materials/Fingerprint5.mat using Guid(8dd6b3e0b171d0f4288f275625f815c5) Importer(815301076,1909f56bfc062723c751e8b465ee728b)  -> (artifact id: '85a6b9c8fae491e4a38ebb282e3e549d') in 0.255490 seconds 
========================================================================
Received Import Request.
  Time since last request: 7.518492 seconds.
  path: Assets/Sprites/Materials/Fingerprint4.mat
  artifactKey: Guid(d515612a2774dfa4285045ad71c29255) Importer(815301076,1909f56bfc062723c751e8b465ee728b)
Start importing Assets/Sprites/Materials/Fingerprint4.mat using Guid(d515612a2774dfa4285045ad71c29255) Importer(815301076,1909f56bfc062723c751e8b465ee728b)  -> (artifact id: '2e182a94f8fe94357be6705e3b642cad') in 0.030728 seconds 
========================================================================
Received Import Request.
  Time since last request: 0.000366 seconds.
  path: Assets/Sprites/Materials/Fingerprint5.mat
  artifactKey: Guid(9776e5f3410c13f4e9d69feb03602c5c) Importer(815301076,1909f56bfc062723c751e8b465ee728b)
Start importing Assets/Sprites/Materials/Fingerprint5.mat using Guid(9776e5f3410c13f4e9d69feb03602c5c) Importer(815301076,1909f56bfc062723c751e8b465ee728b)  -> (artifact id: '89357ff748483071d10bf15dd8a68fa6') in 0.025820 seconds 
========================================================================
Received Import Request.
  Time since last request: 22.240903 seconds.
  path: Assets/Sprites/Fingerprints/Materials/Fingerprint4.mat
  artifactKey: Guid(50a62b279e1645746afa0e8fdbacbce7) Importer(815301076,1909f56bfc062723c751e8b465ee728b)
Start importing Assets/Sprites/Fingerprints/Materials/Fingerprint4.mat using Guid(50a62b279e1645746afa0e8fdbacbce7) Importer(815301076,1909f56bfc062723c751e8b465ee728b)  -> (artifact id: '0f2c2845ff33af8235958a2ae05c09c1') in 0.015168 seconds 
========================================================================
Received Import Request.
  Time since last request: 554.175261 seconds.
  path: Assets/Sprites/Fingerprints/Fingerprint4-export.png
  artifactKey: Guid(6dc1132bcb89e6946ac059e6478a677f) Importer(815301076,1909f56bfc062723c751e8b465ee728b)
Start importing Assets/Sprites/Fingerprints/Fingerprint4-export.png using Guid(6dc1132bcb89e6946ac059e6478a677f) Importer(815301076,1909f56bfc062723c751e8b465ee728b)  -> (artifact id: '18378037dc49d710ae4216dda8f3481c') in 0.062453 seconds 
========================================================================
Received Import Request.
  Time since last request: 5.129720 seconds.
  path: Assets/Sprites/Fingerprints/Fingerprint4-export.png
  artifactKey: Guid(6dc1132bcb89e6946ac059e6478a677f) Importer(815301076,1909f56bfc062723c751e8b465ee728b)
Start importing Assets/Sprites/Fingerprints/Fingerprint4-export.png using Guid(6dc1132bcb89e6946ac059e6478a677f) Importer(815301076,1909f56bfc062723c751e8b465ee728b)  -> (artifact id: 'c0844c8b9b6079a8a7b3cfee2c4e3299') in 0.041344 seconds 
========================================================================
Received Import Request.
  Time since last request: 8.931046 seconds.
  path: Assets/Sprites/Fingerprints/Materials/Fingerprint4-export.mat
  artifactKey: Guid(b6d811939f2e16b48ba51840493973b4) Importer(815301076,1909f56bfc062723c751e8b465ee728b)
Start importing Assets/Sprites/Fingerprints/Materials/Fingerprint4-export.mat using Guid(b6d811939f2e16b48ba51840493973b4) Importer(815301076,1909f56bfc062723c751e8b465ee728b)  -> (artifact id: 'a07896b779537edbd7ca76772365fb1a') in 0.021098 seconds 
========================================================================
Received Import Request.
  Time since last request: 335.768130 seconds.
  path: Assets/Sprites/Fingerprints/Fingerprint4.png
  artifactKey: Guid(a0f94514ce1a98d4ab18646a75601cbb) Importer(815301076,1909f56bfc062723c751e8b465ee728b)
Start importing Assets/Sprites/Fingerprints/Fingerprint4.png using Guid(a0f94514ce1a98d4ab18646a75601cbb) Importer(815301076,1909f56bfc062723c751e8b465ee728b)  -> (artifact id: '7db54af4c8c57b2480588ef569ee67d9') in 0.048551 seconds 
========================================================================
Received Import Request.
  Time since last request: 7.850550 seconds.
  path: Assets/Sprites/Fingerprints/Fingerprint4.png
  artifactKey: Guid(a0f94514ce1a98d4ab18646a75601cbb) Importer(815301076,1909f56bfc062723c751e8b465ee728b)
Start importing Assets/Sprites/Fingerprints/Fingerprint4.png using Guid(a0f94514ce1a98d4ab18646a75601cbb) Importer(815301076,1909f56bfc062723c751e8b465ee728b)  -> (artifact id: '9d107f22cbc473e238d5aa156ef3554e') in 0.066576 seconds 
========================================================================
Received Import Request.
  Time since last request: 10.030172 seconds.
  path: Assets/Sprites/Fingerprints/Fingerprint4.png
  artifactKey: Guid(a0f94514ce1a98d4ab18646a75601cbb) Importer(815301076,1909f56bfc062723c751e8b465ee728b)
Start importing Assets/Sprites/Fingerprints/Fingerprint4.png using Guid(a0f94514ce1a98d4ab18646a75601cbb) Importer(815301076,1909f56bfc062723c751e8b465ee728b)  -> (artifact id: 'ead00d9f79e657dea5771516025eb0e2') in 0.034774 seconds 
========================================================================
Received Import Request.
  Time since last request: 6.244720 seconds.
  path: Assets/Sprites/Fingerprints/Fingerprint4.png
  artifactKey: Guid(a0f94514ce1a98d4ab18646a75601cbb) Importer(815301076,1909f56bfc062723c751e8b465ee728b)
Start importing Assets/Sprites/Fingerprints/Fingerprint4.png using Guid(a0f94514ce1a98d4ab18646a75601cbb) Importer(815301076,1909f56bfc062723c751e8b465ee728b)  -> (artifact id: 'abfde5d331e6037d474a9578deabe328') in 0.045249 seconds 
========================================================================
Received Import Request.
  Time since last request: 4.555425 seconds.
  path: Assets/Sprites/Fingerprints/Fingerprint4.png
  artifactKey: Guid(a0f94514ce1a98d4ab18646a75601cbb) Importer(815301076,1909f56bfc062723c751e8b465ee728b)
Start importing Assets/Sprites/Fingerprints/Fingerprint4.png using Guid(a0f94514ce1a98d4ab18646a75601cbb) Importer(815301076,1909f56bfc062723c751e8b465ee728b)  -> (artifact id: '4a0e533141408bc7378398dbaf0f4403') in 0.030277 seconds 
========================================================================
Received Import Request.
  Time since last request: 5.216594 seconds.
  path: Assets/Sprites/Fingerprints/Fingerprint4.png
  artifactKey: Guid(a0f94514ce1a98d4ab18646a75601cbb) Importer(815301076,1909f56bfc062723c751e8b465ee728b)
Start importing Assets/Sprites/Fingerprints/Fingerprint4.png using Guid(a0f94514ce1a98d4ab18646a75601cbb) Importer(815301076,1909f56bfc062723c751e8b465ee728b)  -> (artifact id: '75fe70f27e237722c3753906a6a68067') in 0.030196 seconds 
========================================================================
Received Import Request.
  Time since last request: 5.289381 seconds.
  path: Assets/Sprites/Fingerprints/Fingerprint4.png
  artifactKey: Guid(a0f94514ce1a98d4ab18646a75601cbb) Importer(815301076,1909f56bfc062723c751e8b465ee728b)
Start importing Assets/Sprites/Fingerprints/Fingerprint4.png using Guid(a0f94514ce1a98d4ab18646a75601cbb) Importer(815301076,1909f56bfc062723c751e8b465ee728b)  -> (artifact id: 'ecc6842f790c1ecc25457705c4eaf970') in 0.039541 seconds 
========================================================================
Received Import Request.
  Time since last request: 275.182162 seconds.
  path: Assets/Sprites/Fingerprints/Fingerprint4 1.png
  artifactKey: Guid(4a540e63df78ecf4b9b74e192ff80733) Importer(815301076,1909f56bfc062723c751e8b465ee728b)
Start importing Assets/Sprites/Fingerprints/Fingerprint4 1.png using Guid(4a540e63df78ecf4b9b74e192ff80733) Importer(815301076,1909f56bfc062723c751e8b465ee728b)  -> (artifact id: '3aa5e8dda9b4296e4787c5c9f9f928cd') in 0.055554 seconds 
========================================================================
Received Import Request.
  Time since last request: 10.680118 seconds.
  path: Assets/Sprites/Fingerprints/Fingerprint4 1.png
  artifactKey: Guid(4a540e63df78ecf4b9b74e192ff80733) Importer(815301076,1909f56bfc062723c751e8b465ee728b)
Start importing Assets/Sprites/Fingerprints/Fingerprint4 1.png using Guid(4a540e63df78ecf4b9b74e192ff80733) Importer(815301076,1909f56bfc062723c751e8b465ee728b)  -> (artifact id: '24e6709c62fe565ae2a2020483a0189a') in 0.029248 seconds 
========================================================================
Received Import Request.
  Time since last request: 392.396176 seconds.
  path: Assets/Sprites/Fingerprints/Materials/Fingerprint4.mat
  artifactKey: Guid(50a62b279e1645746afa0e8fdbacbce7) Importer(815301076,1909f56bfc062723c751e8b465ee728b)
Start importing Assets/Sprites/Fingerprints/Materials/Fingerprint4.mat using Guid(50a62b279e1645746afa0e8fdbacbce7) Importer(815301076,1909f56bfc062723c751e8b465ee728b)  -> (artifact id: '81ddb92a6f7f1c9b431c56ea00a606f6') in 0.369343 seconds 
========================================================================
Received Import Request.
  Time since last request: 1197.932465 seconds.
  path: Assets/Sprites/Fingerprints/Materials/Fingerprint4.mat
  artifactKey: Guid(50a62b279e1645746afa0e8fdbacbce7) Importer(815301076,1909f56bfc062723c751e8b465ee728b)
Start importing Assets/Sprites/Fingerprints/Materials/Fingerprint4.mat using Guid(50a62b279e1645746afa0e8fdbacbce7) Importer(815301076,1909f56bfc062723c751e8b465ee728b)  -> (artifact id: '172fbfe471d5b0e1103c254c2e3cee39') in 0.093894 seconds 
AssetImportWorkerClient::OnTransportError - code=2 error=End of file
